{"C:\\Users\\tiago.mendes\\Downloads\\01.FullstackMaster\\Modulo06 - Semana 03\\teste\\convertymymoney\\lib\\api-bc.js": {"path":"C:\\Users\\tiago.mendes\\Downloads\\01.FullstackMaster\\Modulo06 - Semana 03\\teste\\convertymymoney\\lib\\api-bc.js","statementMap":{"0":{"start":{"line":1,"column":14},"end":{"line":1,"column":30}},"1":{"start":{"line":3,"column":17},"end":{"line":11,"column":1}},"2":{"start":{"line":6,"column":18},"end":{"line":6,"column":28}},"3":{"start":{"line":7,"column":16},"end":{"line":7,"column":31}},"4":{"start":{"line":8,"column":16},"end":{"line":8,"column":34}},"5":{"start":{"line":9,"column":16},"end":{"line":9,"column":35}},"6":{"start":{"line":10,"column":4},"end":{"line":10,"column":36}},"7":{"start":{"line":18,"column":15},"end":{"line":18,"column":228}},"8":{"start":{"line":18,"column":23},"end":{"line":18,"column":228}},"9":{"start":{"line":20,"column":22},"end":{"line":20,"column":43}},"10":{"start":{"line":20,"column":29},"end":{"line":20,"column":43}},"11":{"start":{"line":21,"column":23},"end":{"line":21,"column":60}},"12":{"start":{"line":21,"column":30},"end":{"line":21,"column":60}},"13":{"start":{"line":22,"column":19},"end":{"line":33,"column":1}},"14":{"start":{"line":22,"column":74},"end":{"line":33,"column":1}},"15":{"start":{"line":23,"column":4},"end":{"line":32,"column":5}},"16":{"start":{"line":24,"column":22},"end":{"line":24,"column":32}},"17":{"start":{"line":25,"column":20},"end":{"line":25,"column":33}},"18":{"start":{"line":26,"column":20},"end":{"line":26,"column":44}},"19":{"start":{"line":27,"column":24},"end":{"line":27,"column":43}},"20":{"start":{"line":28,"column":8},"end":{"line":28,"column":22}},"21":{"start":{"line":31,"column":8},"end":{"line":31,"column":17}},"22":{"start":{"line":47,"column":0},"end":{"line":56,"column":1}}},"fnMap":{"0":{"name":"(anonymous_0)","decl":{"start":{"line":3,"column":17},"end":{"line":3,"column":18}},"loc":{"start":{"line":3,"column":23},"end":{"line":11,"column":1}},"line":3},"1":{"name":"(anonymous_1)","decl":{"start":{"line":18,"column":15},"end":{"line":18,"column":16}},"loc":{"start":{"line":18,"column":23},"end":{"line":18,"column":228}},"line":18},"2":{"name":"(anonymous_2)","decl":{"start":{"line":20,"column":22},"end":{"line":20,"column":23}},"loc":{"start":{"line":20,"column":29},"end":{"line":20,"column":43}},"line":20},"3":{"name":"(anonymous_3)","decl":{"start":{"line":21,"column":23},"end":{"line":21,"column":24}},"loc":{"start":{"line":21,"column":30},"end":{"line":21,"column":60}},"line":21},"4":{"name":"(anonymous_4)","decl":{"start":{"line":22,"column":19},"end":{"line":22,"column":20}},"loc":{"start":{"line":22,"column":74},"end":{"line":33,"column":1}},"line":22},"5":{"name":"(anonymous_5)","decl":{"start":{"line":22,"column":74},"end":{"line":22,"column":75}},"loc":{"start":{"line":22,"column":84},"end":{"line":33,"column":1}},"line":22}},"branchMap":{},"s":{"0":1,"1":1,"2":2,"3":2,"4":2,"5":2,"6":2,"7":1,"8":1,"9":1,"10":1,"11":1,"12":1,"13":1,"14":3,"15":2,"16":2,"17":2,"18":2,"19":1,"20":1,"21":1,"22":1},"f":{"0":2,"1":1,"2":1,"3":1,"4":3,"5":2},"b":{},"_coverageSchema":"43e27e138ebf9cfc5966b082cf9a028302ed4184","hash":"55f2ce153286066fa4c60ddfb77b3d7ebea8b786"}
,"C:\\Users\\tiago.mendes\\Downloads\\01.FullstackMaster\\Modulo06 - Semana 03\\teste\\convertymymoney\\lib\\convert.js": {"path":"C:\\Users\\tiago.mendes\\Downloads\\01.FullstackMaster\\Modulo06 - Semana 03\\teste\\convertymymoney\\lib\\convert.js","statementMap":{"0":{"start":{"line":1,"column":16},"end":{"line":3,"column":1}},"1":{"start":{"line":2,"column":4},"end":{"line":2,"column":24}},"2":{"start":{"line":5,"column":16},"end":{"line":7,"column":1}},"3":{"start":{"line":6,"column":4},"end":{"line":6,"column":39}},"4":{"start":{"line":9,"column":0},"end":{"line":12,"column":1}}},"fnMap":{"0":{"name":"(anonymous_0)","decl":{"start":{"line":1,"column":16},"end":{"line":1,"column":17}},"loc":{"start":{"line":1,"column":32},"end":{"line":3,"column":1}},"line":1},"1":{"name":"(anonymous_1)","decl":{"start":{"line":5,"column":16},"end":{"line":5,"column":17}},"loc":{"start":{"line":5,"column":24},"end":{"line":7,"column":1}},"line":5}},"branchMap":{},"s":{"0":1,"1":2,"2":1,"3":2,"4":1},"f":{"0":2,"1":2},"b":{},"_coverageSchema":"43e27e138ebf9cfc5966b082cf9a028302ed4184","hash":"365addeaf794e33ae951e85f7d0191a6bd072843"}
}
