TN:
SF:C:\Users\tiago.mendes\Downloads\01.FullstackMaster\Modulo07 - Semana 04\projeto\convertymymoney\lib\api-bc.js
FN:3,(anonymous_0)
FN:18,(anonymous_1)
FN:20,(anonymous_2)
FN:21,(anonymous_3)
FN:22,(anonymous_4)
FN:22,(anonymous_5)
FNF:6
FNH:6
FNDA:2,(anonymous_0)
FNDA:1,(anonymous_1)
FNDA:1,(anonymous_2)
FNDA:1,(anonymous_3)
FNDA:3,(anonymous_4)
FNDA:2,(anonymous_5)
DA:1,1
DA:3,1
DA:6,2
DA:7,2
DA:8,2
DA:9,2
DA:10,2
DA:18,1
DA:20,1
DA:21,1
DA:22,3
DA:23,2
DA:24,2
DA:25,2
DA:26,2
DA:27,1
DA:28,1
DA:31,1
DA:47,1
LF:19
LH:19
BRF:0
BRH:0
end_of_record
TN:
SF:C:\Users\tiago.mendes\Downloads\01.FullstackMaster\Modulo07 - Semana 04\projeto\convertymymoney\lib\convert.js
FN:1,(anonymous_0)
FN:5,(anonymous_1)
FNF:2
FNH:2
FNDA:2,(anonymous_0)
FNDA:2,(anonymous_1)
DA:1,1
DA:2,2
DA:5,1
DA:6,2
DA:9,1
LF:5
LH:5
BRF:0
BRH:0
end_of_record
